#
# There is insufficient memory for the Java Runtime Environment to continue.
# Native memory allocation (malloc) failed to allocate 32744 bytes for ChunkPool::allocate
# Possible reasons:
#   The system is out of physical RAM or swap space
#   The process is running with CompressedOops enabled, and the Java Heap may be blocking the growth of the native heap
# Possible solutions:
#   Reduce memory load on the system
#   Increase physical memory or swap space
#   Check if swap backing store is full
#   Decrease Java heap size (-Xmx/-Xms)
#   Decrease number of Java threads
#   Decrease Java thread stack sizes (-Xss)
#   Set larger code cache with -XX:ReservedCodeCacheSize=
#   JVM is running with Unscaled Compressed Oops mode in which the Java heap is
#     placed in the first 4GB address space. The Java Heap base address is the
#     maximum limit for the native heap growth. Please use -XX:HeapBaseMinAddress
#     to set the Java Heap base and to place the Java Heap above 4GB virtual address.
# This output file may be truncated or incomplete.
#
#  Out of Memory Error (arena.cpp:79), pid=7900, tid=15124
#
# JRE version: OpenJDK Runtime Environment Temurin-17.0.9+9 (17.0.9+9) (build 17.0.9+9)
# Java VM: OpenJDK 64-Bit Server VM Temurin-17.0.9+9 (17.0.9+9, mixed mode, tiered, compressed oops, compressed class ptrs, g1 gc, windows-amd64)
# No core dump will be written. Minidumps are not enabled by default on client versions of Windows
#

---------------  S U M M A R Y ------------

Command Line: -Dfile.encoding=UTF-8 -Dstdout.encoding=UTF-8 -Dstderr.encoding=UTF-8 --module-path=C:\Users\ACER\eclipse-workspace\UserLogin\bin -XX:+ShowCodeDetailsInExceptionMessages -Djdk.module.main=UserLogin UserLogin/UserLogin.Login

Host: AMD Ryzen 5 3550H with Radeon Vega Mobile Gfx  , 8 cores, 5G,  Windows 11 , 64 bit Build 22621 (10.0.22621.3672)
Time: Thu Jul 11 15:58:08 2024 Bangladesh Standard Time elapsed time: 18.024627 seconds (0d 0h 0m 18s)

---------------  T H R E A D  ---------------

Current thread (0x0000017e1313b430):  JavaThread "C1 CompilerThread0" daemon [_thread_in_native, id=15124, stack(0x0000003b37a00000,0x0000003b37b00000)]


Current CompileTask:
C1:  18024 1114   !   3       java.awt.DefaultKeyboardFocusManager::dispatchEvent (1621 bytes)

Stack: [0x0000003b37a00000,0x0000003b37b00000]
Native frames: (J=compiled Java code, j=interpreted, Vv=VM code, C=native code)
V  [jvm.dll+0x67cf49]
V  [jvm.dll+0x83478a]
V  [jvm.dll+0x83624e]
V  [jvm.dll+0x8368b3]
V  [jvm.dll+0x247f1f]
V  [jvm.dll+0xac65c]
V  [jvm.dll+0xaca8c]
V  [jvm.dll+0x184867]
V  [jvm.dll+0x185a10]
V  [jvm.dll+0x1359cb]
V  [jvm.dll+0x135b90]
V  [jvm.dll+0x135e56]
V  [jvm.dll+0x1352ea]
V  [jvm.dll+0x136fa1]
V  [jvm.dll+0x2297ae]
V  [jvm.dll+0x22797c]
V  [jvm.dll+0x7e9877]
V  [jvm.dll+0x7e3c3a]
V  [jvm.dll+0x67be35]
C  [ucrtbase.dll+0x29333]
C  [KERNEL32.DLL+0x1257d]
C  [ntdll.dll+0x5af28]


---------------  P R O C E S S  ---------------

Threads class SMR info:
_java_thread_list=0x0000017e1398eb90, length=18, elements={
0x0000017e7b3ca020, 0x0000017e7b3cadb0, 0x0000017e7b3d59b0, 0x0000017e7b3d6480,
0x0000017e7b3d6e50, 0x0000017e7b3d7720, 0x0000017e13132b10, 0x0000017e1313b430,
0x0000017e1313e530, 0x0000017e131eacf0, 0x0000017e13399010, 0x0000017e1343b600,
0x0000017e135ae010, 0x0000017e135b0500, 0x0000017e135b83b0, 0x0000017e716cb730,
0x0000017e138ecc30, 0x0000017e139a2360
}

Java Threads: ( => current thread )
  0x0000017e7b3ca020 JavaThread "Reference Handler" daemon [_thread_blocked, id=13368, stack(0x0000003b37300000,0x0000003b37400000)]
  0x0000017e7b3cadb0 JavaThread "Finalizer" daemon [_thread_blocked, id=10600, stack(0x0000003b37400000,0x0000003b37500000)]
  0x0000017e7b3d59b0 JavaThread "Signal Dispatcher" daemon [_thread_blocked, id=15612, stack(0x0000003b37500000,0x0000003b37600000)]
  0x0000017e7b3d6480 JavaThread "Attach Listener" daemon [_thread_blocked, id=2584, stack(0x0000003b37600000,0x0000003b37700000)]
  0x0000017e7b3d6e50 JavaThread "Service Thread" daemon [_thread_blocked, id=15744, stack(0x0000003b37700000,0x0000003b37800000)]
  0x0000017e7b3d7720 JavaThread "Monitor Deflation Thread" daemon [_thread_blocked, id=7136, stack(0x0000003b37800000,0x0000003b37900000)]
  0x0000017e13132b10 JavaThread "C2 CompilerThread0" daemon [_thread_blocked, id=13928, stack(0x0000003b37900000,0x0000003b37a00000)]
=>0x0000017e1313b430 JavaThread "C1 CompilerThread0" daemon [_thread_in_native, id=15124, stack(0x0000003b37a00000,0x0000003b37b00000)]
  0x0000017e1313e530 JavaThread "Sweeper thread" daemon [_thread_blocked, id=12952, stack(0x0000003b37b00000,0x0000003b37c00000)]
  0x0000017e131eacf0 JavaThread "Common-Cleaner" daemon [_thread_blocked, id=15264, stack(0x0000003b37c00000,0x0000003b37d00000)]
  0x0000017e13399010 JavaThread "Notification Thread" daemon [_thread_blocked, id=14356, stack(0x0000003b37d00000,0x0000003b37e00000)]
  0x0000017e1343b600 JavaThread "Java2D Disposer" daemon [_thread_blocked, id=16304, stack(0x0000003b37f00000,0x0000003b38000000)]
  0x0000017e135ae010 JavaThread "AWT-Shutdown" [_thread_blocked, id=4328, stack(0x0000003b38000000,0x0000003b38100000)]
  0x0000017e135b0500 JavaThread "AWT-Windows" daemon [_thread_in_native, id=14312, stack(0x0000003b38100000,0x0000003b38200000)]
  0x0000017e135b83b0 JavaThread "AWT-EventQueue-0" [_thread_blocked, id=15452, stack(0x0000003b38200000,0x0000003b38300000)]
  0x0000017e716cb730 JavaThread "DestroyJavaVM" [_thread_blocked, id=9580, stack(0x0000003b36c00000,0x0000003b36d00000)]
  0x0000017e138ecc30 JavaThread "D3D Screen Updater" daemon [_thread_blocked, id=3180, stack(0x0000003b38d00000,0x0000003b38e00000)]
  0x0000017e139a2360 JavaThread "TimerQueue" daemon [_thread_blocked, id=948, stack(0x0000003b38e00000,0x0000003b38f00000)]

Other Threads:
  0x0000017e7b3a6940 VMThread "VM Thread" [stack: 0x0000003b37200000,0x0000003b37300000] [id=6468]
  0x0000017e13327640 WatcherThread [stack: 0x0000003b37e00000,0x0000003b37f00000] [id=7644]
  0x0000017e717197d0 GCTaskThread "GC Thread#0" [stack: 0x0000003b36d00000,0x0000003b36e00000] [id=268]
  0x0000017e71727220 ConcurrentGCThread "G1 Main Marker" [stack: 0x0000003b36e00000,0x0000003b36f00000] [id=14508]
  0x0000017e71727b50 ConcurrentGCThread "G1 Conc#0" [stack: 0x0000003b36f00000,0x0000003b37000000] [id=14624]
  0x0000017e7b2004a0 ConcurrentGCThread "G1 Refine#0" [stack: 0x0000003b37000000,0x0000003b37100000] [id=15812]
  0x0000017e7b200de0 ConcurrentGCThread "G1 Service" [stack: 0x0000003b37100000,0x0000003b37200000] [id=15432]

Threads with active compile tasks:
C1 CompilerThread0    18048 1114   !   3       java.awt.DefaultKeyboardFocusManager::dispatchEvent (1621 bytes)

VM state: not at safepoint (normal execution)

VM Mutex/Monitor currently owned by a thread: None

Heap address: 0x00000000a0e00000, size: 1522 MB, Compressed Oops mode: 32-bit

CDS archive(s) not mapped
Compressed class space mapped at: 0x0000000100000000-0x0000000140000000, reserved size: 1073741824
Narrow klass base: 0x0000000000000000, Narrow klass shift: 3, Narrow klass range: 0x140000000

GC Precious Log:
 CPUs: 8 total, 8 available
 Memory: 6081M
 Large Page Support: Disabled
 NUMA Support: Disabled
 Compressed Oops: Enabled (32-bit)
 Heap Region Size: 1M
 Heap Min Capacity: 8M
 Heap Initial Capacity: 96M
 Heap Max Capacity: 1522M
 Pre-touch: Disabled
 Parallel Workers: 8
 Concurrent Workers: 2
 Concurrent Refinement Workers: 8
 Periodic GC: Disabled

Heap:
 garbage-first heap   total 98304K, used 7168K [0x00000000a0e00000, 0x0000000100000000)
  region size 1024K, 8 young (8192K), 0 survivors (0K)
 Metaspace       used 14875K, committed 15040K, reserved 1114112K
  class space    used 1533K, committed 1600K, reserved 1048576K

Heap Regions: E=young(eden), S=young(survivor), O=old, HS=humongous(starts), HC=humongous(continues), CS=collection set, F=free, OA=open archive, CA=closed archive, TAMS=top-at-mark-start (previous, next)
|   0|0x00000000a0e00000, 0x00000000a0e00000, 0x00000000a0f00000|  0%| F|  |TAMS 0x00000000a0e00000, 0x00000000a0e00000| Untracked 
|   1|0x00000000a0f00000, 0x00000000a0f00000, 0x00000000a1000000|  0%| F|  |TAMS 0x00000000a0f00000, 0x00000000a0f00000| Untracked 
|   2|0x00000000a1000000, 0x00000000a1000000, 0x00000000a1100000|  0%| F|  |TAMS 0x00000000a1000000, 0x00000000a1000000| Untracked 
|   3|0x00000000a1100000, 0x00000000a1100000, 0x00000000a1200000|  0%| F|  |TAMS 0x00000000a1100000, 0x00000000a1100000| Untracked 
|   4|0x00000000a1200000, 0x00000000a1200000, 0x00000000a1300000|  0%| F|  |TAMS 0x00000000a1200000, 0x00000000a1200000| Untracked 
|   5|0x00000000a1300000, 0x00000000a1300000, 0x00000000a1400000|  0%| F|  |TAMS 0x00000000a1300000, 0x00000000a1300000| Untracked 
|   6|0x00000000a1400000, 0x00000000a1400000, 0x00000000a1500000|  0%| F|  |TAMS 0x00000000a1400000, 0x00000000a1400000| Untracked 
|   7|0x00000000a1500000, 0x00000000a1500000, 0x00000000a1600000|  0%| F|  |TAMS 0x00000000a1500000, 0x00000000a1500000| Untracked 
|   8|0x00000000a1600000, 0x00000000a1600000, 0x00000000a1700000|  0%| F|  |TAMS 0x00000000a1600000, 0x00000000a1600000| Untracked 
|   9|0x00000000a1700000, 0x00000000a1700000, 0x00000000a1800000|  0%| F|  |TAMS 0x00000000a1700000, 0x00000000a1700000| Untracked 
|  10|0x00000000a1800000, 0x00000000a1800000, 0x00000000a1900000|  0%| F|  |TAMS 0x00000000a1800000, 0x00000000a1800000| Untracked 
|  11|0x00000000a1900000, 0x00000000a1900000, 0x00000000a1a00000|  0%| F|  |TAMS 0x00000000a1900000, 0x00000000a1900000| Untracked 
|  12|0x00000000a1a00000, 0x00000000a1a00000, 0x00000000a1b00000|  0%| F|  |TAMS 0x00000000a1a00000, 0x00000000a1a00000| Untracked 
|  13|0x00000000a1b00000, 0x00000000a1b00000, 0x00000000a1c00000|  0%| F|  |TAMS 0x00000000a1b00000, 0x00000000a1b00000| Untracked 
|  14|0x00000000a1c00000, 0x00000000a1c00000, 0x00000000a1d00000|  0%| F|  |TAMS 0x00000000a1c00000, 0x00000000a1c00000| Untracked 
|  15|0x00000000a1d00000, 0x00000000a1d00000, 0x00000000a1e00000|  0%| F|  |TAMS 0x00000000a1d00000, 0x00000000a1d00000| Untracked 
|  16|0x00000000a1e00000, 0x00000000a1e00000, 0x00000000a1f00000|  0%| F|  |TAMS 0x00000000a1e00000, 0x00000000a1e00000| Untracked 
|  17|0x00000000a1f00000, 0x00000000a1f00000, 0x00000000a2000000|  0%| F|  |TAMS 0x00000000a1f00000, 0x00000000a1f00000| Untracked 
|  18|0x00000000a2000000, 0x00000000a2000000, 0x00000000a2100000|  0%| F|  |TAMS 0x00000000a2000000, 0x00000000a2000000| Untracked 
|  19|0x00000000a2100000, 0x00000000a2100000, 0x00000000a2200000|  0%| F|  |TAMS 0x00000000a2100000, 0x00000000a2100000| Untracked 
|  20|0x00000000a2200000, 0x00000000a2200000, 0x00000000a2300000|  0%| F|  |TAMS 0x00000000a2200000, 0x00000000a2200000| Untracked 
|  21|0x00000000a2300000, 0x00000000a2300000, 0x00000000a2400000|  0%| F|  |TAMS 0x00000000a2300000, 0x00000000a2300000| Untracked 
|  22|0x00000000a2400000, 0x00000000a2400000, 0x00000000a2500000|  0%| F|  |TAMS 0x00000000a2400000, 0x00000000a2400000| Untracked 
|  23|0x00000000a2500000, 0x00000000a2500000, 0x00000000a2600000|  0%| F|  |TAMS 0x00000000a2500000, 0x00000000a2500000| Untracked 
|  24|0x00000000a2600000, 0x00000000a2600000, 0x00000000a2700000|  0%| F|  |TAMS 0x00000000a2600000, 0x00000000a2600000| Untracked 
|  25|0x00000000a2700000, 0x00000000a2700000, 0x00000000a2800000|  0%| F|  |TAMS 0x00000000a2700000, 0x00000000a2700000| Untracked 
|  26|0x00000000a2800000, 0x00000000a2800000, 0x00000000a2900000|  0%| F|  |TAMS 0x00000000a2800000, 0x00000000a2800000| Untracked 
|  27|0x00000000a2900000, 0x00000000a2900000, 0x00000000a2a00000|  0%| F|  |TAMS 0x00000000a2900000, 0x00000000a2900000| Untracked 
|  28|0x00000000a2a00000, 0x00000000a2a00000, 0x00000000a2b00000|  0%| F|  |TAMS 0x00000000a2a00000, 0x00000000a2a00000| Untracked 
|  29|0x00000000a2b00000, 0x00000000a2b00000, 0x00000000a2c00000|  0%| F|  |TAMS 0x00000000a2b00000, 0x00000000a2b00000| Untracked 
|  30|0x00000000a2c00000, 0x00000000a2c00000, 0x00000000a2d00000|  0%| F|  |TAMS 0x00000000a2c00000, 0x00000000a2c00000| Untracked 
|  31|0x00000000a2d00000, 0x00000000a2d00000, 0x00000000a2e00000|  0%| F|  |TAMS 0x00000000a2d00000, 0x00000000a2d00000| Untracked 
|  32|0x00000000a2e00000, 0x00000000a2e00000, 0x00000000a2f00000|  0%| F|  |TAMS 0x00000000a2e00000, 0x00000000a2e00000| Untracked 
|  33|0x00000000a2f00000, 0x00000000a2f00000, 0x00000000a3000000|  0%| F|  |TAMS 0x00000000a2f00000, 0x00000000a2f00000| Untracked 
|  34|0x00000000a3000000, 0x00000000a3000000, 0x00000000a3100000|  0%| F|  |TAMS 0x00000000a3000000, 0x00000000a3000000| Untracked 
|  35|0x00000000a3100000, 0x00000000a3100000, 0x00000000a3200000|  0%| F|  |TAMS 0x00000000a3100000, 0x00000000a3100000| Untracked 
|  36|0x00000000a3200000, 0x00000000a3200000, 0x00000000a3300000|  0%| F|  |TAMS 0x00000000a3200000, 0x00000000a3200000| Untracked 
|  37|0x00000000a3300000, 0x00000000a3300000, 0x00000000a3400000|  0%| F|  |TAMS 0x00000000a3300000, 0x00000000a3300000| Untracked 
|  38|0x00000000a3400000, 0x00000000a3400000, 0x00000000a3500000|  0%| F|  |TAMS 0x00000000a3400000, 0x00000000a3400000| Untracked 
|  39|0x00000000a3500000, 0x00000000a3500000, 0x00000000a3600000|  0%| F|  |TAMS 0x00000000a3500000, 0x00000000a3500000| Untracked 
|  40|0x00000000a3600000, 0x00000000a3600000, 0x00000000a3700000|  0%| F|  |TAMS 0x00000000a3600000, 0x00000000a3600000| Untracked 
|  41|0x00000000a3700000, 0x00000000a3700000, 0x00000000a3800000|  0%| F|  |TAMS 0x00000000a3700000, 0x00000000a3700000| Untracked 
|  42|0x00000000a3800000, 0x00000000a3800000, 0x00000000a3900000|  0%| F|  |TAMS 0x00000000a3800000, 0x00000000a3800000| Untracked 
|  43|0x00000000a3900000, 0x00000000a3900000, 0x00000000a3a00000|  0%| F|  |TAMS 0x00000000a3900000, 0x00000000a3900000| Untracked 
|  44|0x00000000a3a00000, 0x00000000a3a00000, 0x00000000a3b00000|  0%| F|  |TAMS 0x00000000a3a00000, 0x00000000a3a00000| Untracked 
|  45|0x00000000a3b00000, 0x00000000a3b00000, 0x00000000a3c00000|  0%| F|  |TAMS 0x00000000a3b00000, 0x00000000a3b00000| Untracked 
|  46|0x00000000a3c00000, 0x00000000a3c00000, 0x00000000a3d00000|  0%| F|  |TAMS 0x00000000a3c00000, 0x00000000a3c00000| Untracked 
|  47|0x00000000a3d00000, 0x00000000a3d00000, 0x00000000a3e00000|  0%| F|  |TAMS 0x00000000a3d00000, 0x00000000a3d00000| Untracked 
|  48|0x00000000a3e00000, 0x00000000a3e00000, 0x00000000a3f00000|  0%| F|  |TAMS 0x00000000a3e00000, 0x00000000a3e00000| Untracked 
|  49|0x00000000a3f00000, 0x00000000a3f00000, 0x00000000a4000000|  0%| F|  |TAMS 0x00000000a3f00000, 0x00000000a3f00000| Untracked 
|  50|0x00000000a4000000, 0x00000000a4000000, 0x00000000a4100000|  0%| F|  |TAMS 0x00000000a4000000, 0x00000000a4000000| Untracked 
|  51|0x00000000a4100000, 0x00000000a4100000, 0x00000000a4200000|  0%| F|  |TAMS 0x00000000a4100000, 0x00000000a4100000| Untracked 
|  52|0x00000000a4200000, 0x00000000a4200000, 0x00000000a4300000|  0%| F|  |TAMS 0x00000000a4200000, 0x00000000a4200000| Untracked 
|  53|0x00000000a4300000, 0x00000000a4300000, 0x00000000a4400000|  0%| F|  |TAMS 0x00000000a4300000, 0x00000000a4300000| Untracked 
|  54|0x00000000a4400000, 0x00000000a4400000, 0x00000000a4500000|  0%| F|  |TAMS 0x00000000a4400000, 0x00000000a4400000| Untracked 
|  55|0x00000000a4500000, 0x00000000a4500000, 0x00000000a4600000|  0%| F|  |TAMS 0x00000000a4500000, 0x00000000a4500000| Untracked 
|  56|0x00000000a4600000, 0x00000000a4600000, 0x00000000a4700000|  0%| F|  |TAMS 0x00000000a4600000, 0x00000000a4600000| Untracked 
|  57|0x00000000a4700000, 0x00000000a4700000, 0x00000000a4800000|  0%| F|  |TAMS 0x00000000a4700000, 0x00000000a4700000| Untracked 
|  58|0x00000000a4800000, 0x00000000a4800000, 0x00000000a4900000|  0%| F|  |TAMS 0x00000000a4800000, 0x00000000a4800000| Untracked 
|  59|0x00000000a4900000, 0x00000000a4900000, 0x00000000a4a00000|  0%| F|  |TAMS 0x00000000a4900000, 0x00000000a4900000| Untracked 
|  60|0x00000000a4a00000, 0x00000000a4a00000, 0x00000000a4b00000|  0%| F|  |TAMS 0x00000000a4a00000, 0x00000000a4a00000| Untracked 
|  61|0x00000000a4b00000, 0x00000000a4b00000, 0x00000000a4c00000|  0%| F|  |TAMS 0x00000000a4b00000, 0x00000000a4b00000| Untracked 
|  62|0x00000000a4c00000, 0x00000000a4c00000, 0x00000000a4d00000|  0%| F|  |TAMS 0x00000000a4c00000, 0x00000000a4c00000| Untracked 
|  63|0x00000000a4d00000, 0x00000000a4d00000, 0x00000000a4e00000|  0%| F|  |TAMS 0x00000000a4d00000, 0x00000000a4d00000| Untracked 
|  64|0x00000000a4e00000, 0x00000000a4e00000, 0x00000000a4f00000|  0%| F|  |TAMS 0x00000000a4e00000, 0x00000000a4e00000| Untracked 
|  65|0x00000000a4f00000, 0x00000000a4f00000, 0x00000000a5000000|  0%| F|  |TAMS 0x00000000a4f00000, 0x00000000a4f00000| Untracked 
|  66|0x00000000a5000000, 0x00000000a5000000, 0x00000000a5100000|  0%| F|  |TAMS 0x00000000a5000000, 0x00000000a5000000| Untracked 
|  67|0x00000000a5100000, 0x00000000a5100000, 0x00000000a5200000|  0%| F|  |TAMS 0x00000000a5100000, 0x00000000a5100000| Untracked 
|  68|0x00000000a5200000, 0x00000000a5200000, 0x00000000a5300000|  0%| F|  |TAMS 0x00000000a5200000, 0x00000000a5200000| Untracked 
|  69|0x00000000a5300000, 0x00000000a5300000, 0x00000000a5400000|  0%| F|  |TAMS 0x00000000a5300000, 0x00000000a5300000| Untracked 
|  70|0x00000000a5400000, 0x00000000a5400000, 0x00000000a5500000|  0%| F|  |TAMS 0x00000000a5400000, 0x00000000a5400000| Untracked 
|  71|0x00000000a5500000, 0x00000000a5500000, 0x00000000a5600000|  0%| F|  |TAMS 0x00000000a5500000, 0x00000000a5500000| Untracked 
|  72|0x00000000a5600000, 0x00000000a5600000, 0x00000000a5700000|  0%| F|  |TAMS 0x00000000a5600000, 0x00000000a5600000| Untracked 
|  73|0x00000000a5700000, 0x00000000a5700000, 0x00000000a5800000|  0%| F|  |TAMS 0x00000000a5700000, 0x00000000a5700000| Untracked 
|  74|0x00000000a5800000, 0x00000000a5800000, 0x00000000a5900000|  0%| F|  |TAMS 0x00000000a5800000, 0x00000000a5800000| Untracked 
|  75|0x00000000a5900000, 0x00000000a5900000, 0x00000000a5a00000|  0%| F|  |TAMS 0x00000000a5900000, 0x00000000a5900000| Untracked 
|  76|0x00000000a5a00000, 0x00000000a5a00000, 0x00000000a5b00000|  0%| F|  |TAMS 0x00000000a5a00000, 0x00000000a5a00000| Untracked 
|  77|0x00000000a5b00000, 0x00000000a5b00000, 0x00000000a5c00000|  0%| F|  |TAMS 0x00000000a5b00000, 0x00000000a5b00000| Untracked 
|  78|0x00000000a5c00000, 0x00000000a5c00000, 0x00000000a5d00000|  0%| F|  |TAMS 0x00000000a5c00000, 0x00000000a5c00000| Untracked 
|  79|0x00000000a5d00000, 0x00000000a5d00000, 0x00000000a5e00000|  0%| F|  |TAMS 0x00000000a5d00000, 0x00000000a5d00000| Untracked 
|  80|0x00000000a5e00000, 0x00000000a5e00000, 0x00000000a5f00000|  0%| F|  |TAMS 0x00000000a5e00000, 0x00000000a5e00000| Untracked 
|  81|0x00000000a5f00000, 0x00000000a5f00000, 0x00000000a6000000|  0%| F|  |TAMS 0x00000000a5f00000, 0x00000000a5f00000| Untracked 
|  82|0x00000000a6000000, 0x00000000a6000000, 0x00000000a6100000|  0%| F|  |TAMS 0x00000000a6000000, 0x00000000a6000000| Untracked 
|  83|0x00000000a6100000, 0x00000000a6100000, 0x00000000a6200000|  0%| F|  |TAMS 0x00000000a6100000, 0x00000000a6100000| Untracked 
|  84|0x00000000a6200000, 0x00000000a6200000, 0x00000000a6300000|  0%| F|  |TAMS 0x00000000a6200000, 0x00000000a6200000| Untracked 
|  85|0x00000000a6300000, 0x00000000a6300000, 0x00000000a6400000|  0%| F|  |TAMS 0x00000000a6300000, 0x00000000a6300000| Untracked 
|  86|0x00000000a6400000, 0x00000000a6400000, 0x00000000a6500000|  0%| F|  |TAMS 0x00000000a6400000, 0x00000000a6400000| Untracked 
|  87|0x00000000a6500000, 0x00000000a6500000, 0x00000000a6600000|  0%| F|  |TAMS 0x00000000a6500000, 0x00000000a6500000| Untracked 
|  88|0x00000000a6600000, 0x00000000a66ec140, 0x00000000a6700000| 92%| E|  |TAMS 0x00000000a6600000, 0x00000000a6600000| Complete 
|  89|0x00000000a6700000, 0x00000000a6800000, 0x00000000a6800000|100%| E|CS|TAMS 0x00000000a6700000, 0x00000000a6700000| Complete 
|  90|0x00000000a6800000, 0x00000000a6900000, 0x00000000a6900000|100%| E|CS|TAMS 0x00000000a6800000, 0x00000000a6800000| Complete 
|  91|0x00000000a6900000, 0x00000000a6a00000, 0x00000000a6a00000|100%| E|CS|TAMS 0x00000000a6900000, 0x00000000a6900000| Complete 
|  92|0x00000000a6a00000, 0x00000000a6b00000, 0x00000000a6b00000|100%| E|CS|TAMS 0x00000000a6a00000, 0x00000000a6a00000| Complete 
|  93|0x00000000a6b00000, 0x00000000a6c00000, 0x00000000a6c00000|100%| E|CS|TAMS 0x00000000a6b00000, 0x00000000a6b00000| Complete 
|  94|0x00000000a6c00000, 0x00000000a6d00000, 0x00000000a6d00000|100%| E|CS|TAMS 0x00000000a6c00000, 0x00000000a6c00000| Complete 
|  95|0x00000000a6d00000, 0x00000000a6e00000, 0x00000000a6e00000|100%| E|CS|TAMS 0x00000000a6d00000, 0x00000000a6d00000| Complete 

Card table byte_map: [0x0000017e753c0000,0x0000017e756c0000] _byte_map_base: 0x0000017e74eb9000

Marking Bits (Prev, Next): (CMBitMap*) 0x0000017e71719d00, (CMBitMap*) 0x0000017e71719d40
 Prev Bits: [0x0000017e759c0000, 0x0000017e77188000)
 Next Bits: [0x0000017e77190000, 0x0000017e78958000)

Polling page: 0x0000017e70e80000

Metaspace:

Usage:
  Non-class:     13.03 MB used.
      Class:      1.50 MB used.
       Both:     14.53 MB used.

Virtual space:
  Non-class space:       64.00 MB reserved,      13.12 MB ( 21%) committed,  1 nodes.
      Class space:        1.00 GB reserved,       1.56 MB ( <1%) committed,  1 nodes.
             Both:        1.06 GB reserved,      14.69 MB (  1%) committed. 

Chunk freelists:
   Non-Class:  2.48 MB
       Class:  14.25 MB
        Both:  16.74 MB

MaxMetaspaceSize: unlimited
CompressedClassSpaceSize: 1.00 GB
Initial GC threshold: 21.00 MB
Current GC threshold: 21.00 MB
CDS: off
MetaspaceReclaimPolicy: balanced
 - commit_granule_bytes: 65536.
 - commit_granule_words: 8192.
 - virtual_space_node_default_size: 8388608.
 - enlarge_chunks_in_place: 1.
 - new_chunks_are_fully_committed: 0.
 - uncommit_free_chunks: 1.
 - use_allocation_guard: 0.
 - handle_deallocations: 1.


Internal statistics:

num_allocs_failed_limit: 0.
num_arena_births: 108.
num_arena_deaths: 0.
num_vsnodes_births: 2.
num_vsnodes_deaths: 0.
num_space_committed: 235.
num_space_uncommitted: 0.
num_chunks_returned_to_freelist: 0.
num_chunks_taken_from_freelist: 179.
num_chunk_merges: 0.
num_chunk_splits: 91.
num_chunks_enlarged: 31.
num_inconsistent_stats: 0.

CodeHeap 'non-profiled nmethods': size=120000Kb used=285Kb max_used=285Kb free=119714Kb
 bounds [0x0000017e07ad0000, 0x0000017e07d40000, 0x0000017e0f000000]
CodeHeap 'profiled nmethods': size=120000Kb used=1740Kb max_used=1740Kb free=118259Kb
 bounds [0x0000017e00000000, 0x0000017e00270000, 0x0000017e07530000]
CodeHeap 'non-nmethods': size=5760Kb used=1259Kb max_used=1276Kb free=4500Kb
 bounds [0x0000017e07530000, 0x0000017e077a0000, 0x0000017e07ad0000]
 total_blobs=1694 nmethods=1113 adapters=494
 compilation: enabled
              stopped_count=0, restarted_count=0
 full_count=0

Compilation events (20 events):
Event: 17.949 Thread 0x0000017e1313b430 nmethod 1103 0x0000017e001abe10 code [0x0000017e001ac140, 0x0000017e001adbb8]
Event: 17.962 Thread 0x0000017e1313b430 1104       3       java.util.concurrent.locks.AbstractQueuedSynchronizer::enqueue (60 bytes)
Event: 17.962 Thread 0x0000017e1313b430 nmethod 1104 0x0000017e001ae290 code [0x0000017e001ae480, 0x0000017e001ae918]
Event: 17.970 Thread 0x0000017e1313b430 1105   !   3       sun.awt.AWTAutoShutdown::notifyThreadFree (74 bytes)
Event: 17.970 Thread 0x0000017e1313b430 nmethod 1105 0x0000017e001aeb10 code [0x0000017e001aed00, 0x0000017e001af1e8]
Event: 17.977 Thread 0x0000017e1313b430 1106       3       java.awt.EventQueue::setCurrentEventAndMostRecentTime (8 bytes)
Event: 17.977 Thread 0x0000017e1313b430 nmethod 1106 0x0000017e001af490 code [0x0000017e001af680, 0x0000017e001afb18]
Event: 17.984 Thread 0x0000017e1313b430 1107       3       java.awt.event.MouseEvent::<init> (211 bytes)
Event: 17.985 Thread 0x0000017e1313b430 nmethod 1107 0x0000017e001afd10 code [0x0000017e001b0000, 0x0000017e001b1278]
Event: 18.005 Thread 0x0000017e1313b430 1108       3       sun.awt.SunToolkit::isTouchKeyboardAutoShowEnabled (4 bytes)
Event: 18.005 Thread 0x0000017e1313b430 nmethod 1108 0x0000017e001b1890 code [0x0000017e001b1a20, 0x0000017e001b1b18]
Event: 18.013 Thread 0x0000017e1313b430 1109       3       java.awt.Component::getForeground (29 bytes)
Event: 18.013 Thread 0x0000017e1313b430 nmethod 1109 0x0000017e001b1b90 code [0x0000017e001b1d60, 0x0000017e001b2168]
Event: 18.013 Thread 0x0000017e1313b430 1112       3       jdk.internal.misc.Unsafe::getFloat (7 bytes)
Event: 18.013 Thread 0x0000017e1313b430 nmethod 1112 0x0000017e001b2290 code [0x0000017e001b2420, 0x0000017e001b2538]
Event: 18.013 Thread 0x0000017e1313b430 1110       3       sun.awt.SunHints$Key::isCompatibleValue (18 bytes)
Event: 18.013 Thread 0x0000017e1313b430 nmethod 1110 0x0000017e001b2610 code [0x0000017e001b27c0, 0x0000017e001b2bd8]
Event: 18.013 Thread 0x0000017e1313b430 1111       3       sun.awt.SunHints$Value::isCompatibleKey (14 bytes)
Event: 18.014 Thread 0x0000017e1313b430 nmethod 1111 0x0000017e001b2d10 code [0x0000017e001b2ea0, 0x0000017e001b3018]
Event: 18.015 Thread 0x0000017e1313b430 1114   !   3       java.awt.DefaultKeyboardFocusManager::dispatchEvent (1621 bytes)

GC Heap History (0 events):
No events

Dll operation events (7 events):
Event: 0.008 Loaded shared library C:\Users\ACER\.p2\pool\plugins\org.eclipse.justj.openjdk.hotspot.jre.full.win32.x86_64_17.0.9.v20231028-0858\jre\bin\java.dll
Event: 0.117 Loaded shared library C:\Users\ACER\.p2\pool\plugins\org.eclipse.justj.openjdk.hotspot.jre.full.win32.x86_64_17.0.9.v20231028-0858\jre\bin\net.dll
Event: 0.118 Loaded shared library C:\Users\ACER\.p2\pool\plugins\org.eclipse.justj.openjdk.hotspot.jre.full.win32.x86_64_17.0.9.v20231028-0858\jre\bin\nio.dll
Event: 0.182 Loaded shared library C:\Users\ACER\.p2\pool\plugins\org.eclipse.justj.openjdk.hotspot.jre.full.win32.x86_64_17.0.9.v20231028-0858\jre\bin\jimage.dll
Event: 0.186 Loaded shared library C:\Users\ACER\.p2\pool\plugins\org.eclipse.justj.openjdk.hotspot.jre.full.win32.x86_64_17.0.9.v20231028-0858\jre\bin\awt.dll
Event: 0.434 Loaded shared library C:\Users\ACER\.p2\pool\plugins\org.eclipse.justj.openjdk.hotspot.jre.full.win32.x86_64_17.0.9.v20231028-0858\jre\bin\freetype.dll
Event: 0.435 Loaded shared library C:\Users\ACER\.p2\pool\plugins\org.eclipse.justj.openjdk.hotspot.jre.full.win32.x86_64_17.0.9.v20231028-0858\jre\bin\fontmanager.dll

Deoptimization events (20 events):
Event: 0.528 Thread 0x0000017e135b83b0 Uncommon trap: trap_request=0xffffff45 fr.pc=0x0000017e07adc7e8 relative=0x0000000000000888
Event: 0.528 Thread 0x0000017e135b83b0 Uncommon trap: reason=unstable_if action=reinterpret pc=0x0000017e07adc7e8 method=java.util.HashMap.putVal(ILjava/lang/Object;Ljava/lang/Object;ZZ)Ljava/lang/Object; @ 181 c2
Event: 0.528 Thread 0x0000017e135b83b0 DEOPT PACKING pc=0x0000017e07adc7e8 sp=0x0000003b382fc840
Event: 0.528 Thread 0x0000017e135b83b0 DEOPT UNPACKING pc=0x0000017e075869a3 sp=0x0000003b382fc7e0 mode 2
Event: 1.957 Thread 0x0000017e135b83b0 Uncommon trap: trap_request=0xffffffde fr.pc=0x0000017e07ae38a4 relative=0x00000000000001a4
Event: 1.957 Thread 0x0000017e135b83b0 Uncommon trap: reason=class_check action=maybe_recompile pc=0x0000017e07ae38a4 method=java.lang.String.equals(Ljava/lang/Object;)Z @ 8 c2
Event: 1.957 Thread 0x0000017e135b83b0 DEOPT PACKING pc=0x0000017e07ae38a4 sp=0x0000003b382fdee0
Event: 1.958 Thread 0x0000017e135b83b0 DEOPT UNPACKING pc=0x0000017e075869a3 sp=0x0000003b382fde88 mode 2
Event: 2.182 Thread 0x0000017e135b83b0 Uncommon trap: trap_request=0xffffffde fr.pc=0x0000017e07ae38a4 relative=0x00000000000001a4
Event: 2.182 Thread 0x0000017e135b83b0 Uncommon trap: reason=class_check action=maybe_recompile pc=0x0000017e07ae38a4 method=java.lang.String.equals(Ljava/lang/Object;)Z @ 8 c2
Event: 2.182 Thread 0x0000017e135b83b0 DEOPT PACKING pc=0x0000017e07ae38a4 sp=0x0000003b382fdeb0
Event: 2.182 Thread 0x0000017e135b83b0 DEOPT UNPACKING pc=0x0000017e075869a3 sp=0x0000003b382fde58 mode 2
Event: 3.284 Thread 0x0000017e135b83b0 Uncommon trap: trap_request=0xffffffde fr.pc=0x0000017e07ae38a4 relative=0x00000000000001a4
Event: 3.284 Thread 0x0000017e135b83b0 Uncommon trap: reason=class_check action=maybe_recompile pc=0x0000017e07ae38a4 method=java.lang.String.equals(Ljava/lang/Object;)Z @ 8 c2
Event: 3.284 Thread 0x0000017e135b83b0 DEOPT PACKING pc=0x0000017e07ae38a4 sp=0x0000003b382fdee0
Event: 3.284 Thread 0x0000017e135b83b0 DEOPT UNPACKING pc=0x0000017e075869a3 sp=0x0000003b382fde88 mode 2
Event: 3.503 Thread 0x0000017e135b83b0 Uncommon trap: trap_request=0xffffffde fr.pc=0x0000017e07ae38a4 relative=0x00000000000001a4
Event: 3.503 Thread 0x0000017e135b83b0 Uncommon trap: reason=class_check action=maybe_recompile pc=0x0000017e07ae38a4 method=java.lang.String.equals(Ljava/lang/Object;)Z @ 8 c2
Event: 3.503 Thread 0x0000017e135b83b0 DEOPT PACKING pc=0x0000017e07ae38a4 sp=0x0000003b382fdeb0
Event: 3.503 Thread 0x0000017e135b83b0 DEOPT UNPACKING pc=0x0000017e075869a3 sp=0x0000003b382fde58 mode 2

Classes unloaded (0 events):
No events

Classes redefined (0 events):
No events

Internal exceptions (14 events):
Event: 0.131 Thread 0x0000017e716cb730 Exception <a 'java/lang/NoSuchMethodError'{0x00000000a6c36db8}: 'void java.lang.invoke.DirectMethodHandle$Holder.invokeVirtual(java.lang.Object, java.lang.Object)'> (0x00000000a6c36db8) 
thrown [s\src\hotspot\share\interpreter\linkResolver.cpp, line 759]
Event: 0.172 Thread 0x0000017e716cb730 Exception <a 'java/lang/ClassNotFoundException'{0x00000000a6cd95b8}: sun/awt/resources/spi/awtProvider> (0x00000000a6cd95b8) 
thrown [s\src\hotspot\share\classfile\systemDictionary.cpp, line 256]
Event: 0.199 Thread 0x0000017e716cb730 Exception <a 'java/io/FileNotFoundException'{0x00000000a6b2f248}> (0x00000000a6b2f248) 
thrown [s\src\hotspot\share\prims\jni.cpp, line 516]
Event: 0.206 Thread 0x0000017e716cb730 Exception <a 'java/io/FileNotFoundException'{0x00000000a6b5c2b0}> (0x00000000a6b5c2b0) 
thrown [s\src\hotspot\share\prims\jni.cpp, line 516]
Event: 0.213 Thread 0x0000017e716cb730 Exception <a 'sun/nio/fs/WindowsException'{0x00000000a6b65fa8}> (0x00000000a6b65fa8) 
thrown [s\src\hotspot\share\prims\jni.cpp, line 516]
Event: 0.241 Thread 0x0000017e716cb730 Exception <a 'java/lang/NoSuchMethodError'{0x00000000a6b92d40}: 'java.lang.Object java.lang.invoke.DirectMethodHandle$Holder.invokeStaticInit(java.lang.Object)'> (0x00000000a6b92d40) 
thrown [s\src\hotspot\share\interpreter\linkResolver.cpp, line 759]
Event: 0.329 Thread 0x0000017e135b83b0 Exception <a 'java/lang/NoSuchMethodError'{0x00000000a6abc3f8}: 'void java.lang.invoke.DirectMethodHandle$Holder.invokeSpecial(java.lang.Object, java.lang.Object, java.lang.Object)'> (0x00000000a6abc3f8) 
thrown [s\src\hotspot\share\interpreter\linkResolver.cpp, line 759]
Event: 0.337 Thread 0x0000017e135b83b0 Exception <a 'java/lang/NoSuchMethodError'{0x00000000a6ae6448}: 'java.lang.Object java.lang.invoke.DirectMethodHandle$Holder.newInvokeSpecial(java.lang.Object, java.lang.Object, java.lang.Object, java.lang.Object, java.lang.Object)'> (0x00000000a6ae6448) 
thrown [s\src\hotspot\share\interpreter\linkResolver.cpp, line 759]
Event: 0.339 Thread 0x0000017e135b83b0 Exception <a 'java/lang/NoSuchMethodError'{0x00000000a6af2058}: 'java.lang.Object java.lang.invoke.DirectMethodHandle$Holder.invokeStatic(java.lang.Object, int, java.lang.Object, java.lang.Object, java.lang.Object, java.lang.Object)'> (0x00000000a6af2058) 
thrown [s\src\hotspot\share\interpreter\linkResolver.cpp, line 759]
Event: 0.342 Thread 0x0000017e135b83b0 Exception <a 'java/lang/NoSuchMethodError'{0x00000000a6917cc0}: 'java.lang.Object java.lang.invoke.DirectMethodHandle$Holder.invokeStatic(java.lang.Object, int, java.lang.Object)'> (0x00000000a6917cc0) 
thrown [s\src\hotspot\share\interpreter\linkResolver.cpp, line 759]
Event: 0.363 Thread 0x0000017e135b83b0 Exception <a 'java/lang/ClassNotFoundException'{0x00000000a69cf778}: com/sun/swing/internal/plaf/metal/resources/spi/metalProvider> (0x00000000a69cf778) 
thrown [s\src\hotspot\share\classfile\systemDictionary.cpp, line 256]
Event: 0.364 Thread 0x0000017e135b83b0 Exception <a 'java/lang/ClassNotFoundException'{0x00000000a69d3620}: com/sun/swing/internal/plaf/basic/resources/spi/basicProvider> (0x00000000a69d3620) 
thrown [s\src\hotspot\share\classfile\systemDictionary.cpp, line 256]
Event: 0.429 Thread 0x0000017e135b83b0 Exception <a 'java/lang/NoSuchMethodError'{0x00000000a683ffa0}: 'void java.lang.invoke.DirectMethodHandle$Holder.invokeStaticInit(java.lang.Object)'> (0x00000000a683ffa0) 
thrown [s\src\hotspot\share\interpreter\linkResolver.cpp, line 759]
Event: 0.460 Thread 0x0000017e135b83b0 Exception <a 'sun/nio/fs/WindowsException'{0x00000000a689cf90}> (0x00000000a689cf90) 
thrown [s\src\hotspot\share\prims\jni.cpp, line 516]

VM Operations (20 events):
Event: 8.643 Executing VM operation: Cleanup
Event: 8.643 Executing VM operation: Cleanup done
Event: 9.644 Executing VM operation: Cleanup
Event: 9.644 Executing VM operation: Cleanup done
Event: 10.651 Executing VM operation: Cleanup
Event: 10.651 Executing VM operation: Cleanup done
Event: 11.666 Executing VM operation: Cleanup
Event: 11.666 Executing VM operation: Cleanup done
Event: 12.676 Executing VM operation: Cleanup
Event: 12.677 Executing VM operation: Cleanup done
Event: 13.682 Executing VM operation: Cleanup
Event: 13.682 Executing VM operation: Cleanup done
Event: 14.691 Executing VM operation: Cleanup
Event: 14.691 Executing VM operation: Cleanup done
Event: 15.696 Executing VM operation: Cleanup
Event: 15.696 Executing VM operation: Cleanup done
Event: 16.707 Executing VM operation: Cleanup
Event: 16.707 Executing VM operation: Cleanup done
Event: 17.716 Executing VM operation: Cleanup
Event: 17.716 Executing VM operation: Cleanup done

Events (20 events):
Event: 4.637 loading class javax/swing/JViewport
Event: 4.638 loading class javax/swing/JViewport done
Event: 4.639 loading class javax/swing/text/AbstractDocument$UndoRedoDocumentEvent
Event: 4.639 loading class javax/swing/text/AbstractDocument$UndoRedoDocumentEvent done
Event: 4.639 loading class javax/swing/text/DefaultCaret$1
Event: 4.639 loading class javax/swing/text/DefaultCaret$1 done
Event: 4.639 loading class javax/swing/event/UndoableEditEvent
Event: 4.639 loading class javax/swing/event/UndoableEditEvent done
Event: 4.639 loading class javax/swing/text/AbstractDocument$DefaultDocumentEventUndoableWrapper
Event: 4.639 loading class sun/swing/text/UndoableEditLockSupport
Event: 4.639 loading class sun/swing/text/UndoableEditLockSupport done
Event: 4.639 loading class javax/swing/text/AbstractDocument$DefaultDocumentEventUndoableWrapper done
Event: 4.639 loading class javax/swing/event/UndoableEditListener
Event: 4.639 loading class javax/swing/event/UndoableEditListener done
Event: 4.640 loading class javax/swing/RepaintManager$3
Event: 4.640 loading class javax/swing/RepaintManager$3 done
Event: 6.143 loading class javax/swing/text/GapContent$RemoveUndo
Event: 6.143 loading class javax/swing/text/GapContent$RemoveUndo done
Event: 6.508 loading class javax/swing/text/GapContent$UndoPosRef
Event: 6.508 loading class javax/swing/text/GapContent$UndoPosRef done


Dynamic libraries:
0x00007ff646530000 - 0x00007ff64653e000 	C:\Users\ACER\.p2\pool\plugins\org.eclipse.justj.openjdk.hotspot.jre.full.win32.x86_64_17.0.9.v20231028-0858\jre\bin\javaw.exe
0x00007ffdf8e70000 - 0x00007ffdf9087000 	C:\WINDOWS\SYSTEM32\ntdll.dll
0x00007ffdf74a0000 - 0x00007ffdf7564000 	C:\WINDOWS\System32\KERNEL32.DLL
0x00007ffdf6390000 - 0x00007ffdf673d000 	C:\WINDOWS\System32\KERNELBASE.dll
0x00007ffdf6240000 - 0x00007ffdf6351000 	C:\WINDOWS\System32\ucrtbase.dll
0x00007ffdf23c0000 - 0x00007ffdf23db000 	C:\Users\ACER\.p2\pool\plugins\org.eclipse.justj.openjdk.hotspot.jre.full.win32.x86_64_17.0.9.v20231028-0858\jre\bin\VCRUNTIME140.dll
0x00007ffdf1850000 - 0x00007ffdf1867000 	C:\Users\ACER\.p2\pool\plugins\org.eclipse.justj.openjdk.hotspot.jre.full.win32.x86_64_17.0.9.v20231028-0858\jre\bin\jli.dll
0x00007ffdf6e20000 - 0x00007ffdf6fce000 	C:\WINDOWS\System32\USER32.dll
0x00007ffdf61a0000 - 0x00007ffdf61c6000 	C:\WINDOWS\System32\win32u.dll
0x00007ffde0210000 - 0x00007ffde04a3000 	C:\WINDOWS\WinSxS\amd64_microsoft.windows.common-controls_6595b64144ccf1df_6.0.22621.3672_none_2713b9d173822955\COMCTL32.dll
0x00007ffdf7470000 - 0x00007ffdf7499000 	C:\WINDOWS\System32\GDI32.dll
0x00007ffdf7570000 - 0x00007ffdf7617000 	C:\WINDOWS\System32\msvcrt.dll
0x00007ffdf6740000 - 0x00007ffdf6859000 	C:\WINDOWS\System32\gdi32full.dll
0x00007ffdf6b10000 - 0x00007ffdf6baa000 	C:\WINDOWS\System32\msvcp_win.dll
0x00007ffdf7200000 - 0x00007ffdf7231000 	C:\WINDOWS\System32\IMM32.DLL
0x00007ffdf1890000 - 0x00007ffdf189c000 	C:\Users\ACER\.p2\pool\plugins\org.eclipse.justj.openjdk.hotspot.jre.full.win32.x86_64_17.0.9.v20231028-0858\jre\bin\vcruntime140_1.dll
0x00007ffdcfbc0000 - 0x00007ffdcfc4d000 	C:\Users\ACER\.p2\pool\plugins\org.eclipse.justj.openjdk.hotspot.jre.full.win32.x86_64_17.0.9.v20231028-0858\jre\bin\msvcp140.dll
0x00007ffdaaef0000 - 0x00007ffdabb51000 	C:\Users\ACER\.p2\pool\plugins\org.eclipse.justj.openjdk.hotspot.jre.full.win32.x86_64_17.0.9.v20231028-0858\jre\bin\server\jvm.dll
0x00007ffdf6d60000 - 0x00007ffdf6e12000 	C:\WINDOWS\System32\ADVAPI32.dll
0x00007ffdf7b40000 - 0x00007ffdf7be9000 	C:\WINDOWS\System32\sechost.dll
0x00007ffdf6360000 - 0x00007ffdf6388000 	C:\WINDOWS\System32\bcrypt.dll
0x00007ffdf70e0000 - 0x00007ffdf71f4000 	C:\WINDOWS\System32\RPCRT4.dll
0x00007ffdf6060000 - 0x00007ffdf60ad000 	C:\WINDOWS\SYSTEM32\POWRPROF.dll
0x00007ffdf1640000 - 0x00007ffdf1649000 	C:\WINDOWS\SYSTEM32\WSOCK32.dll
0x00007ffdf1f50000 - 0x00007ffdf1f84000 	C:\WINDOWS\SYSTEM32\WINMM.dll
0x00007ffdf1930000 - 0x00007ffdf193a000 	C:\WINDOWS\SYSTEM32\VERSION.dll
0x00007ffdf7030000 - 0x00007ffdf70a1000 	C:\WINDOWS\System32\WS2_32.dll
0x00007ffdf6040000 - 0x00007ffdf6053000 	C:\WINDOWS\SYSTEM32\UMPDC.dll
0x00007ffdf51d0000 - 0x00007ffdf51e8000 	C:\WINDOWS\SYSTEM32\kernel.appcore.dll
0x00007ffdef8b0000 - 0x00007ffdef8ba000 	C:\Users\ACER\.p2\pool\plugins\org.eclipse.justj.openjdk.hotspot.jre.full.win32.x86_64_17.0.9.v20231028-0858\jre\bin\jimage.dll
0x00007ffdea4c0000 - 0x00007ffdea6f2000 	C:\WINDOWS\SYSTEM32\DBGHELP.DLL
0x00007ffdf7bf0000 - 0x00007ffdf7f78000 	C:\WINDOWS\System32\combase.dll
0x00007ffdf7850000 - 0x00007ffdf7927000 	C:\WINDOWS\System32\OLEAUT32.dll
0x00007ffdea480000 - 0x00007ffdea4b2000 	C:\WINDOWS\SYSTEM32\dbgcore.DLL
0x00007ffdf6a90000 - 0x00007ffdf6b0b000 	C:\WINDOWS\System32\bcryptPrimitives.dll
0x00007ffdebb70000 - 0x00007ffdebb95000 	C:\Users\ACER\.p2\pool\plugins\org.eclipse.justj.openjdk.hotspot.jre.full.win32.x86_64_17.0.9.v20231028-0858\jre\bin\java.dll
0x00007ffdeeca0000 - 0x00007ffdeecb8000 	C:\Users\ACER\.p2\pool\plugins\org.eclipse.justj.openjdk.hotspot.jre.full.win32.x86_64_17.0.9.v20231028-0858\jre\bin\zip.dll
0x00007ffdf7fb0000 - 0x00007ffdf880f000 	C:\WINDOWS\System32\SHELL32.dll
0x00007ffdf40f0000 - 0x00007ffdf49ec000 	C:\WINDOWS\SYSTEM32\windows.storage.dll
0x00007ffdf3fb0000 - 0x00007ffdf40ef000 	C:\WINDOWS\SYSTEM32\wintypes.dll
0x00007ffdf6c60000 - 0x00007ffdf6d54000 	C:\WINDOWS\System32\SHCORE.dll
0x00007ffdf6fd0000 - 0x00007ffdf702e000 	C:\WINDOWS\System32\shlwapi.dll
0x00007ffdf60d0000 - 0x00007ffdf60f1000 	C:\WINDOWS\SYSTEM32\profapi.dll
0x00007ffdebf00000 - 0x00007ffdebf19000 	C:\Users\ACER\.p2\pool\plugins\org.eclipse.justj.openjdk.hotspot.jre.full.win32.x86_64_17.0.9.v20231028-0858\jre\bin\net.dll
0x00007ffdf2400000 - 0x00007ffdf2536000 	C:\WINDOWS\SYSTEM32\WINHTTP.dll
0x00007ffdf56b0000 - 0x00007ffdf5719000 	C:\WINDOWS\system32\mswsock.dll
0x00007ffdebbe0000 - 0x00007ffdebbf6000 	C:\Users\ACER\.p2\pool\plugins\org.eclipse.justj.openjdk.hotspot.jre.full.win32.x86_64_17.0.9.v20231028-0858\jre\bin\nio.dll
0x00007ffdcc9e0000 - 0x00007ffdccb70000 	C:\Users\ACER\.p2\pool\plugins\org.eclipse.justj.openjdk.hotspot.jre.full.win32.x86_64_17.0.9.v20231028-0858\jre\bin\awt.dll
0x00007ffdf1460000 - 0x00007ffdf14f7000 	C:\WINDOWS\SYSTEM32\apphelp.dll
0x00007ffdf3700000 - 0x00007ffdf37af000 	C:\WINDOWS\system32\uxtheme.dll
0x00007ffdf7930000 - 0x00007ffdf7a83000 	C:\WINDOWS\System32\MSCTF.dll
0x00007ffdf76a0000 - 0x00007ffdf7845000 	C:\WINDOWS\System32\ole32.dll
0x00007ffdf3950000 - 0x00007ffdf397b000 	C:\WINDOWS\system32\DWMAPI.DLL
0x00007ffdb0140000 - 0x00007ffdb0240000 	C:\WINDOWS\system32\opengl32.dll
0x00007ffdf1610000 - 0x00007ffdf163d000 	C:\WINDOWS\SYSTEM32\GLU32.dll
0x00007ffdf3800000 - 0x00007ffdf3839000 	C:\WINDOWS\SYSTEM32\dxcore.dll
0x00007ffdd4560000 - 0x00007ffdd4708000 	C:\WINDOWS\system32\d3d9.dll
0x00007ffdec2a0000 - 0x00007ffdec47b000 	C:\WINDOWS\System32\DriverStore\FileRepository\u0357645.inf_amd64_3c66802dbd4d45a0\B357435\aticfx64.dll
0x00007ffdcbcc0000 - 0x00007ffdcbcf3000 	C:\WINDOWS\System32\DriverStore\FileRepository\u0357645.inf_amd64_3c66802dbd4d45a0\B357435\atiu9p64.dll
0x00007ffd876d0000 - 0x00007ffd88366000 	C:\WINDOWS\System32\DriverStore\FileRepository\u0357645.inf_amd64_3c66802dbd4d45a0\B357435\atiumd64.dll
0x000000005a150000 - 0x000000005afcd000 	C:\WINDOWS\System32\DriverStore\FileRepository\u0357645.inf_amd64_3c66802dbd4d45a0\B357435\atiumd6a.dll
0x00007ffdebff0000 - 0x00007ffdec01f000 	C:\WINDOWS\SYSTEM32\amdihk64.dll
0x00007ffdef280000 - 0x00007ffdef2c9000 	C:\WINDOWS\SYSTEM32\directxdatabasehelper.dll
0x00007ffdca2c0000 - 0x00007ffdca348000 	C:\Users\ACER\.p2\pool\plugins\org.eclipse.justj.openjdk.hotspot.jre.full.win32.x86_64_17.0.9.v20231028-0858\jre\bin\freetype.dll
0x00007ffdbfe60000 - 0x00007ffdbff33000 	C:\Users\ACER\.p2\pool\plugins\org.eclipse.justj.openjdk.hotspot.jre.full.win32.x86_64_17.0.9.v20231028-0858\jre\bin\fontmanager.dll
0x00007ffdf7a90000 - 0x00007ffdf7b40000 	C:\WINDOWS\System32\clbcatq.dll
0x00007ffdf34f0000 - 0x00007ffdf36a1000 	C:\WINDOWS\SYSTEM32\WindowsCodecs.dll
0x00007ffdd56f0000 - 0x00007ffdd574e000 	C:\WINDOWS\system32\dataexchange.dll
0x00007ffdecb30000 - 0x00007ffdecdba000 	C:\WINDOWS\system32\twinapi.appcore.dll
0x00007ffddc2f0000 - 0x00007ffddc43e000 	C:\WINDOWS\SYSTEM32\textinputframework.dll
0x00007ffdd2f20000 - 0x00007ffdd2f89000 	C:\WINDOWS\system32\Oleacc.dll
0x00007ffdca7f0000 - 0x00007ffdca83b000 	C:\WINDOWS\system32\ApplicationTargetedFeatureDatabase.dll
0x00007ffdf1130000 - 0x00007ffdf1263000 	C:\WINDOWS\SYSTEM32\CoreMessaging.dll
0x00007ffdee880000 - 0x00007ffdeebed000 	C:\WINDOWS\SYSTEM32\CoreUIComponents.dll
0x00007ffdf5930000 - 0x00007ffdf593c000 	C:\WINDOWS\SYSTEM32\CRYPTBASE.DLL

dbghelp: loaded successfully - version: 4.0.5 - missing functions: none
symbol engine: initialized successfully - sym options: 0x614 - pdb path: .;C:\Users\ACER\.p2\pool\plugins\org.eclipse.justj.openjdk.hotspot.jre.full.win32.x86_64_17.0.9.v20231028-0858\jre\bin;C:\WINDOWS\SYSTEM32;C:\WINDOWS\WinSxS\amd64_microsoft.windows.common-controls_6595b64144ccf1df_6.0.22621.3672_none_2713b9d173822955;C:\Users\ACER\.p2\pool\plugins\org.eclipse.justj.openjdk.hotspot.jre.full.win32.x86_64_17.0.9.v20231028-0858\jre\bin\server;C:\WINDOWS\System32\DriverStore\FileRepository\u0357645.inf_amd64_3c66802dbd4d45a0\B357435

VM Arguments:
jvm_args: -Dfile.encoding=UTF-8 -Dstdout.encoding=UTF-8 -Dstderr.encoding=UTF-8 --module-path=C:\Users\ACER\eclipse-workspace\UserLogin\bin -XX:+ShowCodeDetailsInExceptionMessages -Djdk.module.main=UserLogin 
java_command: UserLogin/UserLogin.Login
java_class_path (initial): <not set>
Launcher Type: SUN_STANDARD

[Global flags]
     intx CICompilerCount                          = 4                                         {product} {ergonomic}
     uint ConcGCThreads                            = 2                                         {product} {ergonomic}
     uint G1ConcRefinementThreads                  = 8                                         {product} {ergonomic}
   size_t G1HeapRegionSize                         = 1048576                                   {product} {ergonomic}
    uintx GCDrainStackTargetSize                   = 64                                        {product} {ergonomic}
   size_t InitialHeapSize                          = 100663296                                 {product} {ergonomic}
   size_t MarkStackSize                            = 4194304                                   {product} {ergonomic}
   size_t MaxHeapSize                              = 1595932672                                {product} {ergonomic}
   size_t MaxNewSize                               = 957349888                                 {product} {ergonomic}
   size_t MinHeapDeltaBytes                        = 1048576                                   {product} {ergonomic}
   size_t MinHeapSize                              = 8388608                                   {product} {ergonomic}
    uintx NonNMethodCodeHeapSize                   = 5839372                                {pd product} {ergonomic}
    uintx NonProfiledCodeHeapSize                  = 122909434                              {pd product} {ergonomic}
    uintx ProfiledCodeHeapSize                     = 122909434                              {pd product} {ergonomic}
    uintx ReservedCodeCacheSize                    = 251658240                              {pd product} {ergonomic}
     bool SegmentedCodeCache                       = true                                      {product} {ergonomic}
     bool ShowCodeDetailsInExceptionMessages       = true                                   {manageable} {command line}
   size_t SoftMaxHeapSize                          = 1595932672                             {manageable} {ergonomic}
     bool UseCompressedClassPointers               = true                           {product lp64_product} {ergonomic}
     bool UseCompressedOops                        = true                           {product lp64_product} {ergonomic}
     bool UseG1GC                                  = true                                      {product} {ergonomic}
     bool UseLargePagesIndividualAllocation        = false                                  {pd product} {ergonomic}

Logging:
Log output configuration:
 #0: stdout all=warning uptime,level,tags
 #1: stderr all=off uptime,level,tags

Environment Variables:
PATH=C:/Users/ACER/Downloads/eclipse-java-2024-06-R-win32-x86_64/eclipse//plugins/org.eclipse.justj.openjdk.hotspot.jre.full.win32.x86_64_21.0.3.v20240426-1530/jre/bin/server;C:/Users/ACER/Downloads/eclipse-java-2024-06-R-win32-x86_64/eclipse//plugins/org.eclipse.justj.openjdk.hotspot.jre.full.win32.x86_64_21.0.3.v20240426-1530/jre/bin;C:\Program Files\Java\jdk-22\bin;C:\Program Files\Common Files\Oracle\Java\javapath;C:\oraclexe\app\oracle\product\10.2.0\server\bin;C:\Windows\system32;C:\Windows;C:\Windows\System32\Wbem;C:\Windows\System32\WindowsPowerShell\v1.0\;C:\Windows\System32\OpenSSH\;C:\Program Files (x86)\NVIDIA Corporation\PhysX\Common;C:\Program Files\NVIDIA Corporation\NVIDIA NvDLISR;C:\WINDOWS\system32;C:\WINDOWS;C:\WINDOWS\System32\Wbem;C:\WINDOWS\System32\WindowsPowerShell\v1.0\;C:\WINDOWS\System32\OpenSSH\;C:\Users\ACER\AppData\Local\Programs\Python\Launcher\;C:\Users\ACER\AppData\Local\Microsoft\WindowsApps;C:\Users\ACER\AppData\Local\Programs\Microsoft VS Code\bin;C:\Users\ACER\Downloads\eclipse-java-2024-06-R-win32-x86_64\eclipse;
USERNAME=ACER
OS=Windows_NT
PROCESSOR_IDENTIFIER=AMD64 Family 23 Model 24 Stepping 1, AuthenticAMD
TMP=C:\Users\ACER\AppData\Local\Temp
TEMP=C:\Users\ACER\AppData\Local\Temp



Periodic native trim disabled


---------------  S Y S T E M  ---------------

OS:
 Windows 11 , 64 bit Build 22621 (10.0.22621.3672)
OS uptime: 0 days 2:10 hours

CPU: total 8 (initial active 8) (8 cores per cpu, 2 threads per core) family 23 model 24 stepping 1 microcode 0x0, cx8, cmov, fxsr, ht, mmx, 3dnowpref, sse, sse2, sse3, ssse3, sse4a, sse4.1, sse4.2, popcnt, lzcnt, tsc, tscinvbit, avx, avx2, aes, clmul, bmi1, bmi2, adx, sha, fma, vzeroupper, clflush, clflushopt
Processor Information for all 8 processors :
  Max Mhz: 2100, Current Mhz: 2100, Mhz Limit: 2100

Memory: 4k page, system-wide physical 6081M (846M free)
TotalPageFile size 8129M (AvailPageFile size 3M)
current process WorkingSet (physical memory assigned to process): 108M, peak: 108M
current process commit charge ("private bytes"): 240M, peak: 240M

vm_info: OpenJDK 64-Bit Server VM (17.0.9+9) for windows-amd64 JRE (17.0.9+9), built on Oct 26 2023 14:01:42 by "admin" with MS VC++ 16.10 / 16.11 (VS2019)

END.
